[debug] [2025-10-13T16:37:27.225Z] ----------------------------------------------------------------------
[debug] [2025-10-13T16:37:27.227Z] Command:       C:\Program Files\nodejs\node.exe C:\Users\Jonathan\AppData\Roaming\npm\node_modules\firebase-tools\lib\bin\firebase.js init functions
[debug] [2025-10-13T16:37:27.228Z] CLI Version:   14.19.1
[debug] [2025-10-13T16:37:27.228Z] Platform:      win32
[debug] [2025-10-13T16:37:27.228Z] Node Version:  v20.14.0
[debug] [2025-10-13T16:37:27.228Z] Time:          Mon Oct 13 2025 13:37:27 GMT-0300 (Horário Padrão de Brasília)
[debug] [2025-10-13T16:37:27.228Z] ----------------------------------------------------------------------
[debug] 
[info] 
     ######## #### ########  ######## ########     ###     ######  ########
     ##        ##  ##     ## ##       ##     ##  ##   ##  ##       ##
     ######    ##  ########  ######   ########  #########  ######  ######
     ##        ##  ##    ##  ##       ##     ## ##     ##       ## ##
     ##       #### ##     ## ######## ########  ##     ##  ######  ########

You're about to initialize a Firebase project in this directory:

  C:\Users\Jonathan\Documents\github-projects\QuilombApp Play\Assets\Sprites

[debug] [2025-10-13T16:37:43.239Z] ExitPromptError: User force closed the prompt with SIGINT
    at Interface.sigint (C:\Users\Jonathan\AppData\Roaming\npm\node_modules\firebase-tools\node_modules\@inquirer\core\dist\commonjs\lib\create-prompt.js:101:37)
    at Interface.emit (node:events:519:28)
    at Interface.emit (node:domain:488:12)
    at [_ttyWrite] [as _ttyWrite] (node:internal/readline/interface:1126:18)
    at ReadStream.onkeypress (node:internal/readline/interface:265:20)
    at ReadStream.emit (node:events:531:35)
    at ReadStream.emit (node:domain:488:12)
    at emitKeys (node:internal/readline/utils:371:14)
    at emitKeys.next (<anonymous>)
    at ReadStream.onData (node:internal/readline/emitKeypressEvents:64:36)
[error] 
[error] Error: An unexpected error has occurred.
